2020-01-14 21:04:15.923 [restartedMain] INFO  com.guli.aliyun_oss.AliyunOssApplication - Starting AliyunOssApplication on DESKTOP-RH16LBN with PID 13712 (F:\guli\guli-microservice-oss\target\classes started by Nike in F:\guli)
2020-01-14 21:04:15.933 [restartedMain] INFO  com.guli.aliyun_oss.AliyunOssApplication - The following profiles are active: dev
2020-01-14 21:04:16.017 [restartedMain] INFO  o.s.b.d.env.DevToolsPropertyDefaultsPostProcessor - Devtools property defaults active! Set 'spring.devtools.add-properties' to 'false' to disable
2020-01-14 21:04:16.017 [restartedMain] INFO  o.s.b.d.env.DevToolsPropertyDefaultsPostProcessor - For additional web related logging consider setting the 'logging.level.web' property to 'DEBUG'
2020-01-14 21:04:18.214 [restartedMain] INFO  o.s.boot.web.embedded.tomcat.TomcatWebServer - Tomcat initialized with port(s): 8330 (http)
2020-01-14 21:04:18.227 [restartedMain] INFO  org.apache.coyote.http11.Http11NioProtocol - Initializing ProtocolHandler ["http-nio-8330"]
2020-01-14 21:04:18.227 [restartedMain] INFO  org.apache.catalina.core.StandardService - Starting service [Tomcat]
2020-01-14 21:04:18.228 [restartedMain] INFO  org.apache.catalina.core.StandardEngine - Starting Servlet engine: [Apache Tomcat/9.0.29]
2020-01-14 21:04:18.350 [restartedMain] INFO  o.a.c.core.ContainerBase.[Tomcat].[localhost].[/] - Initializing Spring embedded WebApplicationContext
2020-01-14 21:04:18.351 [restartedMain] INFO  org.springframework.web.context.ContextLoader - Root WebApplicationContext: initialization completed in 2333 ms
2020-01-14 21:04:18.861 [restartedMain] INFO  s.d.s.w.PropertySourcedRequestMappingHandlerMapping - Mapped URL path [/v2/api-docs] onto method [springfox.documentation.swagger2.web.Swagger2Controller#getDocumentation(String, HttpServletRequest)]
2020-01-14 21:04:18.972 [restartedMain] INFO  o.s.scheduling.concurrent.ThreadPoolTaskExecutor - Initializing ExecutorService 'applicationTaskExecutor'
2020-01-14 21:04:19.030 [restartedMain] INFO  o.s.b.d.autoconfigure.OptionalLiveReloadServer - LiveReload server is running on port 35729
2020-01-14 21:04:19.197 [restartedMain] INFO  s.d.s.web.plugins.DocumentationPluginsBootstrapper - Context refreshed
2020-01-14 21:04:19.227 [restartedMain] INFO  s.d.s.web.plugins.DocumentationPluginsBootstrapper - Found 1 custom documentation plugin(s)
2020-01-14 21:04:19.268 [restartedMain] INFO  s.d.spring.web.scanners.ApiListingReferenceScanner - Scanning for api listing references
2020-01-14 21:04:19.471 [restartedMain] INFO  org.apache.coyote.http11.Http11NioProtocol - Starting ProtocolHandler ["http-nio-8330"]
2020-01-14 21:04:19.511 [restartedMain] INFO  o.s.boot.web.embedded.tomcat.TomcatWebServer - Tomcat started on port(s): 8330 (http) with context path ''
2020-01-14 21:04:19.532 [restartedMain] INFO  com.guli.aliyun_oss.AliyunOssApplication - Started AliyunOssApplication in 5.016 seconds (JVM running for 8.172)
2020-01-14 23:25:02.707 [SpringContextShutdownHook] INFO  o.s.scheduling.concurrent.ThreadPoolTaskExecutor - Shutting down ExecutorService 'applicationTaskExecutor'
