2020-01-15 21:04:07.589 [restartedMain] INFO  com.guli.aliyun_oss.AliyunOssApplication - Starting AliyunOssApplication on DESKTOP-RH16LBN with PID 15132 (F:\guli\guli-microservice-oss\target\classes started by Nike in F:\guli)
2020-01-15 21:04:07.597 [restartedMain] INFO  com.guli.aliyun_oss.AliyunOssApplication - The following profiles are active: dev
2020-01-15 21:04:07.763 [restartedMain] INFO  o.s.b.d.env.DevToolsPropertyDefaultsPostProcessor - Devtools property defaults active! Set 'spring.devtools.add-properties' to 'false' to disable
2020-01-15 21:04:07.763 [restartedMain] INFO  o.s.b.d.env.DevToolsPropertyDefaultsPostProcessor - For additional web related logging consider setting the 'logging.level.web' property to 'DEBUG'
2020-01-15 21:04:10.078 [restartedMain] INFO  o.s.boot.web.embedded.tomcat.TomcatWebServer - Tomcat initialized with port(s): 8330 (http)
2020-01-15 21:04:10.092 [restartedMain] INFO  org.apache.coyote.http11.Http11NioProtocol - Initializing ProtocolHandler ["http-nio-8330"]
2020-01-15 21:04:10.092 [restartedMain] INFO  org.apache.catalina.core.StandardService - Starting service [Tomcat]
2020-01-15 21:04:10.092 [restartedMain] INFO  org.apache.catalina.core.StandardEngine - Starting Servlet engine: [Apache Tomcat/9.0.29]
2020-01-15 21:04:10.252 [restartedMain] INFO  o.a.c.core.ContainerBase.[Tomcat].[localhost].[/] - Initializing Spring embedded WebApplicationContext
2020-01-15 21:04:10.252 [restartedMain] INFO  org.springframework.web.context.ContextLoader - Root WebApplicationContext: initialization completed in 2473 ms
2020-01-15 21:04:10.762 [restartedMain] INFO  s.d.s.w.PropertySourcedRequestMappingHandlerMapping - Mapped URL path [/v2/api-docs] onto method [springfox.documentation.swagger2.web.Swagger2Controller#getDocumentation(String, HttpServletRequest)]
2020-01-15 21:04:10.921 [restartedMain] INFO  o.s.scheduling.concurrent.ThreadPoolTaskExecutor - Initializing ExecutorService 'applicationTaskExecutor'
2020-01-15 21:04:11.016 [restartedMain] INFO  o.s.b.d.autoconfigure.OptionalLiveReloadServer - LiveReload server is running on port 35729
2020-01-15 21:04:11.192 [restartedMain] INFO  s.d.s.web.plugins.DocumentationPluginsBootstrapper - Context refreshed
2020-01-15 21:04:11.226 [restartedMain] INFO  s.d.s.web.plugins.DocumentationPluginsBootstrapper - Found 1 custom documentation plugin(s)
2020-01-15 21:04:11.287 [restartedMain] INFO  s.d.spring.web.scanners.ApiListingReferenceScanner - Scanning for api listing references
2020-01-15 21:04:11.533 [restartedMain] INFO  org.apache.coyote.http11.Http11NioProtocol - Starting ProtocolHandler ["http-nio-8330"]
2020-01-15 21:04:11.581 [restartedMain] INFO  o.s.boot.web.embedded.tomcat.TomcatWebServer - Tomcat started on port(s): 8330 (http) with context path ''
2020-01-15 21:04:11.581 [restartedMain] INFO  com.guli.aliyun_oss.AliyunOssApplication - Started AliyunOssApplication in 6.997 seconds (JVM running for 10.003)
2020-01-15 21:26:32.754 [Thread-5] INFO  o.s.scheduling.concurrent.ThreadPoolTaskExecutor - Shutting down ExecutorService 'applicationTaskExecutor'
2020-01-15 21:26:33.405 [restartedMain] INFO  com.guli.aliyun_oss.AliyunOssApplication - Starting AliyunOssApplication on DESKTOP-RH16LBN with PID 15132 (F:\guli\guli-microservice-oss\target\classes started by Nike in F:\guli)
2020-01-15 21:26:33.406 [restartedMain] INFO  com.guli.aliyun_oss.AliyunOssApplication - The following profiles are active: dev
2020-01-15 21:26:34.392 [restartedMain] INFO  o.s.boot.web.embedded.tomcat.TomcatWebServer - Tomcat initialized with port(s): 8330 (http)
2020-01-15 21:26:34.393 [restartedMain] INFO  org.apache.coyote.http11.Http11NioProtocol - Initializing ProtocolHandler ["http-nio-8330"]
2020-01-15 21:26:34.394 [restartedMain] INFO  org.apache.catalina.core.StandardService - Starting service [Tomcat]
2020-01-15 21:26:34.394 [restartedMain] INFO  org.apache.catalina.core.StandardEngine - Starting Servlet engine: [Apache Tomcat/9.0.29]
2020-01-15 21:26:34.421 [restartedMain] INFO  o.a.c.core.ContainerBase.[Tomcat].[localhost].[/] - Initializing Spring embedded WebApplicationContext
2020-01-15 21:26:34.421 [restartedMain] INFO  org.springframework.web.context.ContextLoader - Root WebApplicationContext: initialization completed in 1011 ms
2020-01-15 21:26:34.606 [restartedMain] INFO  s.d.s.w.PropertySourcedRequestMappingHandlerMapping - Mapped URL path [/v2/api-docs] onto method [springfox.documentation.swagger2.web.Swagger2Controller#getDocumentation(String, HttpServletRequest)]
2020-01-15 21:26:34.678 [restartedMain] INFO  o.s.scheduling.concurrent.ThreadPoolTaskExecutor - Initializing ExecutorService 'applicationTaskExecutor'
2020-01-15 21:26:34.704 [restartedMain] INFO  o.s.b.d.autoconfigure.OptionalLiveReloadServer - LiveReload server is running on port 35729
2020-01-15 21:26:34.794 [restartedMain] INFO  s.d.s.web.plugins.DocumentationPluginsBootstrapper - Context refreshed
2020-01-15 21:26:34.794 [restartedMain] INFO  s.d.s.web.plugins.DocumentationPluginsBootstrapper - Found 1 custom documentation plugin(s)
2020-01-15 21:26:34.794 [restartedMain] INFO  s.d.spring.web.scanners.ApiListingReferenceScanner - Scanning for api listing references
2020-01-15 21:26:34.838 [restartedMain] INFO  org.apache.coyote.http11.Http11NioProtocol - Starting ProtocolHandler ["http-nio-8330"]
2020-01-15 21:26:34.842 [restartedMain] INFO  o.s.boot.web.embedded.tomcat.TomcatWebServer - Tomcat started on port(s): 8330 (http) with context path ''
2020-01-15 21:26:34.842 [restartedMain] INFO  com.guli.aliyun_oss.AliyunOssApplication - Started AliyunOssApplication in 1.541 seconds (JVM running for 1353.261)
2020-01-15 21:26:34.842 [restartedMain] INFO  o.s.b.d.a.ConditionEvaluationDeltaLoggingListener - Condition evaluation unchanged
2020-01-15 23:23:39.369 [SpringContextShutdownHook] INFO  o.s.scheduling.concurrent.ThreadPoolTaskExecutor - Shutting down ExecutorService 'applicationTaskExecutor'
